{"D:\\node\\express\\src\\app.ts": {"path":"D:\\node\\express\\src\\app.ts","statementMap":{"0":{"start":{"line":1,"column":0},"end":{"line":1,"column":43}},"1":{"start":{"line":3,"column":0},"end":{"line":3,"column":59}},"2":{"start":{"line":5,"column":0},"end":{"line":5,"column":47}},"3":{"start":{"line":6,"column":0},"end":{"line":6,"column":32}},"4":{"start":{"line":7,"column":0},"end":{"line":7,"column":34}},"5":{"start":{"line":8,"column":0},"end":{"line":8,"column":26}},"6":{"start":{"line":11,"column":0},"end":{"line":11,"column":58}},"7":{"start":{"line":12,"column":0},"end":{"line":12,"column":63}},"8":{"start":{"line":15,"column":0},"end":{"line":57,"column":null}},"9":{"start":{"line":21,"column":33},"end":{"line":21,"column":48}},"10":{"start":{"line":22,"column":41},"end":{"line":22,"column":58}},"11":{"start":{"line":23,"column":41},"end":{"line":23,"column":74}},"12":{"start":{"line":24,"column":39},"end":{"line":24,"column":68}},"13":{"start":{"line":25,"column":39},"end":{"line":25,"column":54}},"14":{"start":{"line":27,"column":2},"end":{"line":27,"column":23}},"15":{"start":{"line":28,"column":2},"end":{"line":28,"column":19}},"16":{"start":{"line":32,"column":2},"end":{"line":32,"column":23}},"17":{"start":{"line":33,"column":25},"end":{"line":33,"column":77}},"18":{"start":{"line":34,"column":2},"end":{"line":34,"column":60}},"19":{"start":{"line":38,"column":2},"end":{"line":38,"column":54}},"20":{"start":{"line":42,"column":2},"end":{"line":42,"column":70}},"21":{"start":{"line":46,"column":2},"end":{"line":46,"column":23}},"22":{"start":{"line":47,"column":2},"end":{"line":47,"column":19}},"23":{"start":{"line":48,"column":2},"end":{"line":48,"column":29}},"24":{"start":{"line":49,"column":2},"end":{"line":49,"column":37}},"25":{"start":{"line":50,"column":2},"end":{"line":50,"column":43}},"26":{"start":{"line":51,"column":2},"end":{"line":51,"column":72}},"27":{"start":{"line":55,"column":2},"end":{"line":55,"column":22}},"28":{"start":{"line":15,"column":13},"end":{"line":57,"column":null}},"29":{"start":{"line":15,"column":13},"end":{"line":15,"column":16}}},"fnMap":{"0":{"name":"(anonymous_12)","decl":{"start":{"line":20,"column":1},"end":{"line":20,"column":null}},"loc":{"start":{"line":25,"column":67},"end":{"line":29,"column":2}}},"1":{"name":"(anonymous_13)","decl":{"start":{"line":31,"column":1},"end":{"line":31,"column":14}},"loc":{"start":{"line":31,"column":14},"end":{"line":35,"column":2}}},"2":{"name":"(anonymous_14)","decl":{"start":{"line":37,"column":1},"end":{"line":37,"column":10}},"loc":{"start":{"line":37,"column":10},"end":{"line":39,"column":2}}},"3":{"name":"(anonymous_15)","decl":{"start":{"line":41,"column":1},"end":{"line":41,"column":20}},"loc":{"start":{"line":41,"column":20},"end":{"line":43,"column":2}}},"4":{"name":"(anonymous_16)","decl":{"start":{"line":45,"column":14},"end":{"line":45,"column":18}},"loc":{"start":{"line":45,"column":18},"end":{"line":52,"column":null}}},"5":{"name":"(anonymous_18)","decl":{"start":{"line":54,"column":8},"end":{"line":54,"column":13}},"loc":{"start":{"line":54,"column":13},"end":{"line":56,"column":2}}}},"branchMap":{},"s":{"0":1,"1":1,"2":1,"3":1,"4":1,"5":1,"6":1,"7":1,"8":1,"9":1,"10":1,"11":1,"12":1,"13":1,"14":1,"15":1,"16":1,"17":1,"18":1,"19":1,"20":1,"21":1,"22":1,"23":1,"24":1,"25":1,"26":1,"27":1,"28":1,"29":1},"f":{"0":1,"1":1,"2":1,"3":1,"4":1,"5":1},"b":{}}
,"D:\\node\\express\\src\\main.ts": {"path":"D:\\node\\express\\src\\main.ts","statementMap":{"0":{"start":{"line":1,"column":0},"end":{"line":1,"column":28}},"1":{"start":{"line":2,"column":0},"end":{"line":2,"column":56}},"2":{"start":{"line":3,"column":0},"end":{"line":3,"column":59}},"3":{"start":{"line":4,"column":0},"end":{"line":4,"column":60}},"4":{"start":{"line":5,"column":0},"end":{"line":5,"column":67}},"5":{"start":{"line":7,"column":0},"end":{"line":7,"column":32}},"6":{"start":{"line":11,"column":0},"end":{"line":11,"column":53}},"7":{"start":{"line":13,"column":0},"end":{"line":13,"column":56}},"8":{"start":{"line":14,"column":0},"end":{"line":14,"column":58}},"9":{"start":{"line":16,"column":0},"end":{"line":16,"column":70}},"10":{"start":{"line":23,"column":13},"end":{"line":32,"column":3}},"11":{"start":{"line":24,"column":1},"end":{"line":24,"column":67}},"12":{"start":{"line":25,"column":1},"end":{"line":25,"column":67}},"13":{"start":{"line":26,"column":1},"end":{"line":26,"column":66}},"14":{"start":{"line":27,"column":1},"end":{"line":27,"column":58}},"15":{"start":{"line":28,"column":1},"end":{"line":28,"column":80}},"16":{"start":{"line":29,"column":1},"end":{"line":29,"column":79}},"17":{"start":{"line":30,"column":1},"end":{"line":30,"column":86}},"18":{"start":{"line":31,"column":1},"end":{"line":31,"column":38}},"19":{"start":{"line":35,"column":22},"end":{"line":35,"column":37}},"20":{"start":{"line":36,"column":1},"end":{"line":36,"column":32}},"21":{"start":{"line":37,"column":13},"end":{"line":37,"column":53}},"22":{"start":{"line":38,"column":1},"end":{"line":38,"column":18}},"23":{"start":{"line":39,"column":1},"end":{"line":39,"column":30}},"24":{"start":{"line":42,"column":13},"end":{"line":42,"column":32}}},"fnMap":{"0":{"name":"(anonymous_7)","decl":{"start":{"line":23,"column":47},"end":{"line":23,"column":48}},"loc":{"start":{"line":23,"column":73},"end":{"line":32,"column":1}}},"1":{"name":"bootstrap","decl":{"start":{"line":34,"column":15},"end":{"line":34,"column":24}},"loc":{"start":{"line":34,"column":24},"end":{"line":40,"column":null}}}},"branchMap":{},"s":{"0":1,"1":1,"2":1,"3":1,"4":1,"5":1,"6":1,"7":1,"8":1,"9":1,"10":1,"11":1,"12":1,"13":1,"14":1,"15":1,"16":1,"17":1,"18":1,"19":1,"20":1,"21":1,"22":1,"23":1,"24":1},"f":{"0":1,"1":1},"b":{}}
,"D:\\node\\express\\src\\types.ts": {"path":"D:\\node\\express\\src\\types.ts","statementMap":{"0":{"start":{"line":1,"column":13},"end":{"line":10,"column":2}}},"fnMap":{},"branchMap":{},"s":{"0":1},"f":{},"b":{}}
,"D:\\node\\express\\src\\common\\base.controller.ts": {"path":"D:\\node\\express\\src\\common\\base.controller.ts","statementMap":{"0":{"start":{"line":1,"column":0},"end":{"line":1,"column":43}},"1":{"start":{"line":4,"column":0},"end":{"line":4,"column":39}},"2":{"start":{"line":5,"column":0},"end":{"line":5,"column":26}},"3":{"start":{"line":8,"column":0},"end":{"line":50,"column":null}},"4":{"start":{"line":11,"column":21},"end":{"line":11,"column":36}},"5":{"start":{"line":12,"column":2},"end":{"line":12,"column":26}},"6":{"start":{"line":16,"column":2},"end":{"line":16,"column":22}},"7":{"start":{"line":20,"column":2},"end":{"line":20,"column":31}},"8":{"start":{"line":21,"column":2},"end":{"line":21,"column":40}},"9":{"start":{"line":25,"column":2},"end":{"line":25,"column":41}},"10":{"start":{"line":29,"column":2},"end":{"line":29,"column":29}},"11":{"start":{"line":33,"column":2},"end":{"line":33,"column":61}},"12":{"start":{"line":37,"column":2},"end":{"line":48,"column":null}},"13":{"start":{"line":38,"column":3},"end":{"line":42,"column":5}},"14":{"start":{"line":44,"column":22},"end":{"line":44,"column":68}},"15":{"start":{"line":44,"column":50},"end":{"line":44,"column":67}},"16":{"start":{"line":45,"column":19},"end":{"line":45,"column":40}},"17":{"start":{"line":46,"column":20},"end":{"line":46,"column":67}},"18":{"start":{"line":47,"column":3},"end":{"line":47,"column":51}},"19":{"start":{"line":8,"column":22},"end":{"line":50,"column":null}},"20":{"start":{"line":8,"column":22},"end":{"line":8,"column":36}}},"fnMap":{"0":{"name":"(anonymous_2)","decl":{"start":{"line":11,"column":1},"end":{"line":11,"column":21}},"loc":{"start":{"line":11,"column":36},"end":{"line":13,"column":2}}},"1":{"name":"(anonymous_3)","decl":{"start":{"line":15,"column":1},"end":{"line":15,"column":5}},"loc":{"start":{"line":15,"column":11},"end":{"line":17,"column":2}}},"2":{"name":"(anonymous_4)","decl":{"start":{"line":19,"column":8},"end":{"line":19,"column":12}},"loc":{"start":{"line":19,"column":55},"end":{"line":22,"column":2}}},"3":{"name":"(anonymous_5)","decl":{"start":{"line":24,"column":8},"end":{"line":24,"column":10}},"loc":{"start":{"line":24,"column":39},"end":{"line":26,"column":2}}},"4":{"name":"(anonymous_6)","decl":{"start":{"line":28,"column":8},"end":{"line":28,"column":15}},"loc":{"start":{"line":28,"column":29},"end":{"line":30,"column":2}}},"5":{"name":"(anonymous_7)","decl":{"start":{"line":32,"column":8},"end":{"line":32,"column":42}},"loc":{"start":{"line":32,"column":65},"end":{"line":34,"column":2}}},"6":{"name":"(anonymous_8)","decl":{"start":{"line":36,"column":11},"end":{"line":36,"column":21}},"loc":{"start":{"line":36,"column":46},"end":{"line":49,"column":2}}},"7":{"name":"(anonymous_9)","decl":{"start":{"line":44,"column":45},"end":{"line":44,"column":46}},"loc":{"start":{"line":44,"column":50},"end":{"line":44,"column":67}}}},"branchMap":{"0":{"loc":{"start":{"line":44,"column":22},"end":{"line":44,"column":68}},"type":"cond-expr","locations":[{"start":{"line":44,"column":39},"end":{"line":44,"column":41}},{"start":{"line":44,"column":39},"end":{"line":44,"column":68}}]},"1":{"loc":{"start":{"line":44,"column":22},"end":{"line":44,"column":41}},"type":"binary-expr","locations":[{"start":{"line":44,"column":22},"end":{"line":44,"column":41}},{"start":{"line":44,"column":39},"end":{"line":44,"column":41}}]},"2":{"loc":{"start":{"line":46,"column":20},"end":{"line":46,"column":67}},"type":"cond-expr","locations":[{"start":{"line":46,"column":33},"end":{"line":46,"column":57}},{"start":{"line":46,"column":60},"end":{"line":46,"column":67}}]}},"s":{"0":1,"1":1,"2":1,"3":1,"4":1,"5":1,"6":4,"7":3,"8":3,"9":3,"10":0,"11":3,"12":1,"13":3,"14":3,"15":3,"16":3,"17":3,"18":3,"19":1,"20":1},"f":{"0":1,"1":4,"2":3,"3":3,"4":0,"5":3,"6":1,"7":3},"b":{"0":[0,3],"1":[3,3],"2":[3,0]}}
,"D:\\node\\express\\src\\config\\config.service.ts": {"path":"D:\\node\\express\\src\\config\\config.service.ts","statementMap":{"0":{"start":{"line":1,"column":0},"end":{"line":1,"column":47}},"1":{"start":{"line":2,"column":0},"end":{"line":2,"column":26}},"2":{"start":{"line":4,"column":0},"end":{"line":4,"column":71}},"3":{"start":{"line":5,"column":0},"end":{"line":5,"column":33}},"4":{"start":{"line":9,"column":0},"end":{"line":26,"column":null}},"5":{"start":{"line":12,"column":33},"end":{"line":12,"column":48}},"6":{"start":{"line":14,"column":37},"end":{"line":14,"column":45}},"7":{"start":{"line":15,"column":2},"end":{"line":20,"column":null}},"8":{"start":{"line":16,"column":3},"end":{"line":16,"column":86}},"9":{"start":{"line":18,"column":3},"end":{"line":18,"column":68}},"10":{"start":{"line":19,"column":3},"end":{"line":19,"column":52}},"11":{"start":{"line":24,"column":2},"end":{"line":24,"column":31}},"12":{"start":{"line":9,"column":13},"end":{"line":26,"column":null}},"13":{"start":{"line":9,"column":13},"end":{"line":9,"column":26}}},"fnMap":{"0":{"name":"(anonymous_4)","decl":{"start":{"line":11,"column":1},"end":{"line":11,"column":null}},"loc":{"start":{"line":12,"column":48},"end":{"line":21,"column":2}}},"1":{"name":"(anonymous_5)","decl":{"start":{"line":23,"column":1},"end":{"line":23,"column":4}},"loc":{"start":{"line":23,"column":43},"end":{"line":25,"column":2}}}},"branchMap":{"0":{"loc":{"start":{"line":15,"column":2},"end":{"line":20,"column":null}},"type":"if","locations":[{"start":{"line":15,"column":2},"end":{"line":20,"column":null}},{"start":{"line":17,"column":9},"end":{"line":20,"column":null}}]}},"s":{"0":1,"1":1,"2":1,"3":1,"4":1,"5":1,"6":1,"7":1,"8":0,"9":1,"10":1,"11":3,"12":1,"13":1},"f":{"0":1,"1":3},"b":{"0":[0,1]}}
,"D:\\node\\express\\src\\database\\prisma.service.ts": {"path":"D:\\node\\express\\src\\database\\prisma.service.ts","statementMap":{"0":{"start":{"line":1,"column":0},"end":{"line":1,"column":47}},"1":{"start":{"line":2,"column":0},"end":{"line":2,"column":46}},"2":{"start":{"line":3,"column":0},"end":{"line":3,"column":33}},"3":{"start":{"line":7,"column":0},"end":{"line":27,"column":null}},"4":{"start":{"line":10,"column":44},"end":{"line":10,"column":59}},"5":{"start":{"line":11,"column":2},"end":{"line":11,"column":35}},"6":{"start":{"line":15,"column":2},"end":{"line":21,"column":null}},"7":{"start":{"line":16,"column":3},"end":{"line":16,"column":32}},"8":{"start":{"line":17,"column":3},"end":{"line":17,"column":77}},"9":{"start":{"line":19,"column":3},"end":{"line":20,"column":78}},"10":{"start":{"line":20,"column":4},"end":{"line":20,"column":78}},"11":{"start":{"line":25,"column":2},"end":{"line":25,"column":34}},"12":{"start":{"line":7,"column":13},"end":{"line":27,"column":null}},"13":{"start":{"line":7,"column":13},"end":{"line":7,"column":26}}},"fnMap":{"0":{"name":"(anonymous_11)","decl":{"start":{"line":10,"column":1},"end":{"line":10,"column":14}},"loc":{"start":{"line":10,"column":59},"end":{"line":12,"column":2}}},"1":{"name":"(anonymous_12)","decl":{"start":{"line":14,"column":7},"end":{"line":14,"column":14}},"loc":{"start":{"line":14,"column":14},"end":{"line":22,"column":null}}},"2":{"name":"(anonymous_14)","decl":{"start":{"line":24,"column":7},"end":{"line":24,"column":17}},"loc":{"start":{"line":24,"column":17},"end":{"line":26,"column":null}}}},"branchMap":{"0":{"loc":{"start":{"line":19,"column":3},"end":{"line":20,"column":78}},"type":"if","locations":[{"start":{"line":19,"column":3},"end":{"line":20,"column":78}}]}},"s":{"0":1,"1":1,"2":1,"3":1,"4":1,"5":1,"6":1,"7":1,"8":1,"9":0,"10":0,"11":0,"12":1,"13":1},"f":{"0":1,"1":1,"2":0},"b":{"0":[0]}}
,"D:\\node\\express\\src\\errors\\exception.filter.ts": {"path":"D:\\node\\express\\src\\errors\\exception.filter.ts","statementMap":{"0":{"start":{"line":3,"column":0},"end":{"line":3,"column":47}},"1":{"start":{"line":4,"column":0},"end":{"line":4,"column":47}},"2":{"start":{"line":6,"column":0},"end":{"line":6,"column":33}},"3":{"start":{"line":7,"column":0},"end":{"line":7,"column":26}},"4":{"start":{"line":10,"column":0},"end":{"line":24,"column":null}},"5":{"start":{"line":11,"column":44},"end":{"line":11,"column":59}},"6":{"start":{"line":12,"column":2},"end":{"line":12,"column":50}},"7":{"start":{"line":16,"column":2},"end":{"line":22,"column":null}},"8":{"start":{"line":17,"column":3},"end":{"line":17,"column":88}},"9":{"start":{"line":18,"column":3},"end":{"line":18,"column":61}},"10":{"start":{"line":20,"column":3},"end":{"line":20,"column":41}},"11":{"start":{"line":21,"column":3},"end":{"line":21,"column":48}},"12":{"start":{"line":10,"column":13},"end":{"line":24,"column":null}},"13":{"start":{"line":10,"column":13},"end":{"line":10,"column":28}}},"fnMap":{"0":{"name":"(anonymous_4)","decl":{"start":{"line":11,"column":1},"end":{"line":11,"column":14}},"loc":{"start":{"line":11,"column":59},"end":{"line":13,"column":2}}},"1":{"name":"(anonymous_5)","decl":{"start":{"line":15,"column":1},"end":{"line":15,"column":6}},"loc":{"start":{"line":15,"column":80},"end":{"line":23,"column":2}}}},"branchMap":{"0":{"loc":{"start":{"line":16,"column":2},"end":{"line":22,"column":null}},"type":"if","locations":[{"start":{"line":16,"column":2},"end":{"line":22,"column":null}},{"start":{"line":19,"column":9},"end":{"line":22,"column":null}}]}},"s":{"0":1,"1":1,"2":1,"3":1,"4":1,"5":1,"6":1,"7":0,"8":0,"9":0,"10":0,"11":0,"12":1,"13":1},"f":{"0":1,"1":0},"b":{"0":[0,0]}}
,"D:\\node\\express\\src\\errors\\http-error.class.ts": {"path":"D:\\node\\express\\src\\errors\\http-error.class.ts","statementMap":{"0":{"start":{"line":6,"column":2},"end":{"line":6,"column":17}},"1":{"start":{"line":7,"column":2},"end":{"line":7,"column":31}},"2":{"start":{"line":8,"column":2},"end":{"line":8,"column":25}},"3":{"start":{"line":9,"column":2},"end":{"line":9,"column":25}},"4":{"start":{"line":1,"column":0},"end":{"line":1,"column":13}}},"fnMap":{"0":{"name":"(anonymous_0)","decl":{"start":{"line":5,"column":1},"end":{"line":5,"column":13}},"loc":{"start":{"line":5,"column":66},"end":{"line":10,"column":2}}}},"branchMap":{},"s":{"0":0,"1":0,"2":0,"3":0,"4":1},"f":{"0":0},"b":{}}
,"D:\\node\\express\\src\\guards\\auth.guard.ts": {"path":"D:\\node\\express\\src\\guards\\auth.guard.ts","statementMap":{"0":{"start":{"line":6,"column":2},"end":{"line":8,"column":null}},"1":{"start":{"line":7,"column":3},"end":{"line":7,"column":17}},"2":{"start":{"line":9,"column":2},"end":{"line":9,"column":50}},"3":{"start":{"line":4,"column":0},"end":{"line":4,"column":13}}},"fnMap":{"0":{"name":"(anonymous_0)","decl":{"start":{"line":5,"column":1},"end":{"line":5,"column":8}},"loc":{"start":{"line":5,"column":56},"end":{"line":10,"column":2}}}},"branchMap":{"0":{"loc":{"start":{"line":6,"column":2},"end":{"line":8,"column":null}},"type":"if","locations":[{"start":{"line":6,"column":2},"end":{"line":8,"column":null}}]}},"s":{"0":2,"1":1,"2":1,"3":1},"f":{"0":2},"b":{"0":[1]}}
,"D:\\node\\express\\src\\logger\\logger.service.ts": {"path":"D:\\node\\express\\src\\logger\\logger.service.ts","statementMap":{"0":{"start":{"line":1,"column":0},"end":{"line":1,"column":31}},"1":{"start":{"line":3,"column":0},"end":{"line":3,"column":39}},"2":{"start":{"line":4,"column":0},"end":{"line":4,"column":26}},"3":{"start":{"line":7,"column":0},"end":{"line":31,"column":null}},"4":{"start":{"line":11,"column":2},"end":{"line":16,"column":5}},"5":{"start":{"line":20,"column":2},"end":{"line":20,"column":28}},"6":{"start":{"line":25,"column":2},"end":{"line":25,"column":29}},"7":{"start":{"line":29,"column":2},"end":{"line":29,"column":28}},"8":{"start":{"line":7,"column":13},"end":{"line":31,"column":null}},"9":{"start":{"line":7,"column":13},"end":{"line":7,"column":26}}},"fnMap":{"0":{"name":"(anonymous_2)","decl":{"start":{"line":10,"column":1},"end":{"line":10,"column":null}},"loc":{"start":{"line":10,"column":1},"end":{"line":17,"column":2}}},"1":{"name":"(anonymous_3)","decl":{"start":{"line":19,"column":1},"end":{"line":19,"column":4}},"loc":{"start":{"line":19,"column":23},"end":{"line":21,"column":2}}},"2":{"name":"(anonymous_4)","decl":{"start":{"line":23,"column":1},"end":{"line":23,"column":6}},"loc":{"start":{"line":23,"column":25},"end":{"line":26,"column":2}}},"3":{"name":"(anonymous_5)","decl":{"start":{"line":28,"column":1},"end":{"line":28,"column":5}},"loc":{"start":{"line":28,"column":24},"end":{"line":30,"column":2}}}},"branchMap":{},"s":{"0":1,"1":1,"2":1,"3":1,"4":1,"5":7,"6":0,"7":0,"8":1,"9":1},"f":{"0":1,"1":7,"2":0,"3":0},"b":{}}
,"D:\\node\\express\\src\\middlewares\\auth.middleware.ts": {"path":"D:\\node\\express\\src\\middlewares\\auth.middleware.ts","statementMap":{"0":{"start":{"line":3,"column":0},"end":{"line":3,"column":38}},"1":{"start":{"line":6,"column":21},"end":{"line":6,"column":35}},"2":{"start":{"line":10,"column":2},"end":{"line":22,"column":null}},"3":{"start":{"line":11,"column":17},"end":{"line":11,"column":56}},"4":{"start":{"line":12,"column":3},"end":{"line":19,"column":6}},"5":{"start":{"line":13,"column":4},"end":{"line":18,"column":null}},"6":{"start":{"line":14,"column":5},"end":{"line":14,"column":12}},"7":{"start":{"line":15,"column":9},"end":{"line":18,"column":null}},"8":{"start":{"line":16,"column":5},"end":{"line":16,"column":30}},"9":{"start":{"line":17,"column":5},"end":{"line":17,"column":12}},"10":{"start":{"line":21,"column":3},"end":{"line":21,"column":10}},"11":{"start":{"line":5,"column":0},"end":{"line":5,"column":13}}},"fnMap":{"0":{"name":"(anonymous_0)","decl":{"start":{"line":6,"column":1},"end":{"line":6,"column":21}},"loc":{"start":{"line":6,"column":35},"end":{"line":7,"column":2}}},"1":{"name":"(anonymous_1)","decl":{"start":{"line":9,"column":1},"end":{"line":9,"column":8}},"loc":{"start":{"line":9,"column":56},"end":{"line":24,"column":2}}},"2":{"name":"(anonymous_2)","decl":{"start":{"line":12,"column":30},"end":{"line":12,"column":31}},"loc":{"start":{"line":12,"column":52},"end":{"line":19,"column":4}}}},"branchMap":{"0":{"loc":{"start":{"line":10,"column":2},"end":{"line":22,"column":null}},"type":"if","locations":[{"start":{"line":10,"column":2},"end":{"line":22,"column":null}},{"start":{"line":20,"column":9},"end":{"line":22,"column":null}}]},"1":{"loc":{"start":{"line":13,"column":4},"end":{"line":18,"column":null}},"type":"if","locations":[{"start":{"line":13,"column":4},"end":{"line":18,"column":null}},{"start":{"line":15,"column":9},"end":{"line":18,"column":null}}]},"2":{"loc":{"start":{"line":15,"column":9},"end":{"line":18,"column":null}},"type":"if","locations":[{"start":{"line":15,"column":9},"end":{"line":18,"column":null}}]}},"s":{"0":1,"1":1,"2":7,"3":2,"4":2,"5":2,"6":1,"7":1,"8":1,"9":1,"10":5,"11":1},"f":{"0":1,"1":7,"2":2},"b":{"0":[2,5],"1":[1,1],"2":[1]}}
,"D:\\node\\express\\src\\middlewares\\validate.middleware.ts": {"path":"D:\\node\\express\\src\\middlewares\\validate.middleware.ts","statementMap":{"0":{"start":{"line":3,"column":0},"end":{"line":3,"column":67}},"1":{"start":{"line":4,"column":0},"end":{"line":4,"column":43}},"2":{"start":{"line":7,"column":21},"end":{"line":7,"column":62}},"3":{"start":{"line":10,"column":19},"end":{"line":10,"column":59}},"4":{"start":{"line":11,"column":2},"end":{"line":17,"column":null}},"5":{"start":{"line":12,"column":3},"end":{"line":16,"column":null}},"6":{"start":{"line":13,"column":4},"end":{"line":13,"column":33}},"7":{"start":{"line":15,"column":4},"end":{"line":15,"column":11}},"8":{"start":{"line":6,"column":0},"end":{"line":6,"column":13}}},"fnMap":{"0":{"name":"(anonymous_0)","decl":{"start":{"line":7,"column":1},"end":{"line":7,"column":21}},"loc":{"start":{"line":7,"column":62},"end":{"line":7,"column":66}}},"1":{"name":"(anonymous_1)","decl":{"start":{"line":9,"column":1},"end":{"line":9,"column":8}},"loc":{"start":{"line":9,"column":61},"end":{"line":18,"column":2}}},"2":{"name":"(anonymous_2)","decl":{"start":{"line":11,"column":26},"end":{"line":11,"column":27}},"loc":{"start":{"line":11,"column":37},"end":{"line":17,"column":3}}}},"branchMap":{"0":{"loc":{"start":{"line":12,"column":3},"end":{"line":16,"column":null}},"type":"if","locations":[{"start":{"line":12,"column":3},"end":{"line":16,"column":null}},{"start":{"line":14,"column":10},"end":{"line":16,"column":null}}]}},"s":{"0":1,"1":1,"2":2,"3":5,"4":5,"5":5,"6":3,"7":2,"8":1},"f":{"0":2,"1":5,"2":5},"b":{"0":[3,2]}}
,"D:\\node\\express\\src\\users\\users.controller.ts": {"path":"D:\\node\\express\\src\\users\\users.controller.ts","statementMap":{"0":{"start":{"line":1,"column":0},"end":{"line":1,"column":59}},"1":{"start":{"line":3,"column":0},"end":{"line":3,"column":55}},"2":{"start":{"line":4,"column":0},"end":{"line":4,"column":47}},"3":{"start":{"line":6,"column":0},"end":{"line":6,"column":33}},"4":{"start":{"line":7,"column":0},"end":{"line":7,"column":26}},"5":{"start":{"line":9,"column":0},"end":{"line":9,"column":52}},"6":{"start":{"line":10,"column":0},"end":{"line":10,"column":58}},"7":{"start":{"line":12,"column":0},"end":{"line":12,"column":72}},"8":{"start":{"line":13,"column":0},"end":{"line":13,"column":36}},"9":{"start":{"line":15,"column":0},"end":{"line":15,"column":49}},"10":{"start":{"line":18,"column":0},"end":{"line":86,"column":null}},"11":{"start":{"line":22,"column":2},"end":{"line":22,"column":23}},"12":{"start":{"line":19,"column":44},"end":{"line":19,"column":66}},"13":{"start":{"line":20,"column":43},"end":{"line":20,"column":70}},"14":{"start":{"line":21,"column":44},"end":{"line":21,"column":73}},"15":{"start":{"line":23,"column":2},"end":{"line":45,"column":5}},"16":{"start":{"line":49,"column":17},"end":{"line":49,"column":59}},"17":{"start":{"line":50,"column":2},"end":{"line":51,"column":71}},"18":{"start":{"line":51,"column":3},"end":{"line":51,"column":71}},"19":{"start":{"line":52,"column":14},"end":{"line":52,"column":78}},"20":{"start":{"line":53,"column":2},"end":{"line":53,"column":24}},"21":{"start":{"line":57,"column":17},"end":{"line":57,"column":57}},"22":{"start":{"line":58,"column":2},"end":{"line":59,"column":58}},"23":{"start":{"line":59,"column":3},"end":{"line":59,"column":58}},"24":{"start":{"line":60,"column":2},"end":{"line":60,"column":55}},"25":{"start":{"line":64,"column":17},"end":{"line":64,"column":55}},"26":{"start":{"line":65,"column":2},"end":{"line":66,"column":58}},"27":{"start":{"line":66,"column":3},"end":{"line":66,"column":58}},"28":{"start":{"line":67,"column":2},"end":{"line":67,"column":55}},"29":{"start":{"line":71,"column":2},"end":{"line":84,"column":5}},"30":{"start":{"line":72,"column":3},"end":{"line":83,"column":7}},"31":{"start":{"line":80,"column":5},"end":{"line":81,"column":18}},"32":{"start":{"line":81,"column":6},"end":{"line":81,"column":18}},"33":{"start":{"line":82,"column":5},"end":{"line":82,"column":30}},"34":{"start":{"line":18,"column":13},"end":{"line":86,"column":null}},"35":{"start":{"line":18,"column":13},"end":{"line":18,"column":28}}},"fnMap":{"0":{"name":"(anonymous_11)","decl":{"start":{"line":19,"column":1},"end":{"line":19,"column":14}},"loc":{"start":{"line":21,"column":73},"end":{"line":46,"column":2}}},"1":{"name":"(anonymous_12)","decl":{"start":{"line":48,"column":7},"end":{"line":48,"column":12}},"loc":{"start":{"line":48,"column":87},"end":{"line":54,"column":null}}},"2":{"name":"(anonymous_14)","decl":{"start":{"line":56,"column":7},"end":{"line":56,"column":15}},"loc":{"start":{"line":56,"column":93},"end":{"line":61,"column":null}}},"3":{"name":"(anonymous_16)","decl":{"start":{"line":63,"column":7},"end":{"line":63,"column":11}},"loc":{"start":{"line":63,"column":64},"end":{"line":68,"column":null}}},"4":{"name":"(anonymous_18)","decl":{"start":{"line":70,"column":9},"end":{"line":70,"column":16}},"loc":{"start":{"line":70,"column":46},"end":{"line":85,"column":2}}},"5":{"name":"(anonymous_19)","decl":{"start":{"line":71,"column":29},"end":{"line":71,"column":30}},"loc":{"start":{"line":71,"column":49},"end":{"line":84,"column":3}}},"6":{"name":"(anonymous_20)","decl":{"start":{"line":79,"column":4},"end":{"line":79,"column":5}},"loc":{"start":{"line":79,"column":19},"end":{"line":83,"column":5}}}},"branchMap":{"0":{"loc":{"start":{"line":50,"column":2},"end":{"line":51,"column":71}},"type":"if","locations":[{"start":{"line":50,"column":2},"end":{"line":51,"column":71}}]},"1":{"loc":{"start":{"line":58,"column":2},"end":{"line":59,"column":58}},"type":"if","locations":[{"start":{"line":58,"column":2},"end":{"line":59,"column":58}}]},"2":{"loc":{"start":{"line":65,"column":2},"end":{"line":66,"column":58}},"type":"if","locations":[{"start":{"line":65,"column":2},"end":{"line":66,"column":58}}]},"3":{"loc":{"start":{"line":80,"column":5},"end":{"line":81,"column":18}},"type":"if","locations":[{"start":{"line":80,"column":5},"end":{"line":81,"column":18}}]}},"s":{"0":1,"1":1,"2":1,"3":1,"4":1,"5":1,"6":1,"7":1,"8":1,"9":1,"10":1,"11":1,"12":1,"13":1,"14":1,"15":1,"16":2,"17":2,"18":0,"19":2,"20":2,"21":0,"22":0,"23":0,"24":0,"25":1,"26":1,"27":0,"28":1,"29":2,"30":2,"31":2,"32":0,"33":2,"34":1,"35":1},"f":{"0":1,"1":2,"2":0,"3":1,"4":2,"5":2,"6":2},"b":{"0":[0],"1":[0],"2":[0],"3":[0]}}
,"D:\\node\\express\\src\\users\\users.service.ts": {"path":"D:\\node\\express\\src\\users\\users.service.ts","statementMap":{"0":{"start":{"line":4,"column":0},"end":{"line":4,"column":46}},"1":{"start":{"line":5,"column":0},"end":{"line":5,"column":26}},"2":{"start":{"line":6,"column":0},"end":{"line":6,"column":47}},"3":{"start":{"line":7,"column":0},"end":{"line":7,"column":33}},"4":{"start":{"line":13,"column":0},"end":{"line":38,"column":null}},"5":{"start":{"line":14,"column":50},"end":{"line":14,"column":79}},"6":{"start":{"line":15,"column":46},"end":{"line":15,"column":79}},"7":{"start":{"line":18,"column":18},"end":{"line":18,"column":39}},"8":{"start":{"line":19,"column":15},"end":{"line":19,"column":53}},"9":{"start":{"line":20,"column":2},"end":{"line":20,"column":44}},"10":{"start":{"line":21,"column":22},"end":{"line":21,"column":60}},"11":{"start":{"line":22,"column":2},"end":{"line":23,"column":15}},"12":{"start":{"line":23,"column":3},"end":{"line":23,"column":15}},"13":{"start":{"line":24,"column":2},"end":{"line":24,"column":null}},"14":{"start":{"line":28,"column":22},"end":{"line":28,"column":64}},"15":{"start":{"line":29,"column":2},"end":{"line":30,"column":16}},"16":{"start":{"line":30,"column":3},"end":{"line":30,"column":16}},"17":{"start":{"line":31,"column":18},"end":{"line":31,"column":85}},"18":{"start":{"line":32,"column":2},"end":{"line":32,"column":47}},"19":{"start":{"line":36,"column":2},"end":{"line":36,"column":48}},"20":{"start":{"line":13,"column":13},"end":{"line":38,"column":null}},"21":{"start":{"line":13,"column":13},"end":{"line":13,"column":25}}},"fnMap":{"0":{"name":"(anonymous_11)","decl":{"start":{"line":14,"column":1},"end":{"line":14,"column":14}},"loc":{"start":{"line":15,"column":79},"end":{"line":16,"column":2}}},"1":{"name":"(anonymous_12)","decl":{"start":{"line":17,"column":7},"end":{"line":17,"column":17}},"loc":{"start":{"line":17,"column":60},"end":{"line":25,"column":null}}},"2":{"name":"(anonymous_14)","decl":{"start":{"line":27,"column":7},"end":{"line":27,"column":19}},"loc":{"start":{"line":27,"column":37},"end":{"line":33,"column":null}}},"3":{"name":"(anonymous_16)","decl":{"start":{"line":35,"column":7},"end":{"line":35,"column":15}},"loc":{"start":{"line":35,"column":29},"end":{"line":37,"column":null}}}},"branchMap":{"0":{"loc":{"start":{"line":22,"column":2},"end":{"line":23,"column":15}},"type":"if","locations":[{"start":{"line":22,"column":2},"end":{"line":23,"column":15}}]},"1":{"loc":{"start":{"line":29,"column":2},"end":{"line":30,"column":16}},"type":"if","locations":[{"start":{"line":29,"column":2},"end":{"line":30,"column":16}}]}},"s":{"0":1,"1":1,"2":1,"3":1,"4":1,"5":1,"6":1,"7":0,"8":0,"9":0,"10":0,"11":0,"12":0,"13":0,"14":2,"15":2,"16":0,"17":2,"18":2,"19":1,"20":1,"21":1},"f":{"0":1,"1":0,"2":2,"3":1},"b":{"0":[0],"1":[0]}}
,"D:\\node\\express\\src\\users\\dto\\user-login.dto.ts": {"path":"D:\\node\\express\\src\\users\\dto\\user-login.dto.ts","statementMap":{"0":{"start":{"line":1,"column":0},"end":{"line":1,"column":74}},"1":{"start":{"line":6,"column":1},"end":{"line":6,"column":null}},"2":{"start":{"line":11,"column":1},"end":{"line":11,"column":null}},"3":{"start":{"line":3,"column":0},"end":{"line":3,"column":13}}},"fnMap":{},"branchMap":{},"s":{"0":1,"1":1,"2":1,"3":1},"f":{},"b":{}}
,"D:\\node\\express\\src\\users\\dto\\user-register.dto.ts": {"path":"D:\\node\\express\\src\\users\\dto\\user-register.dto.ts","statementMap":{"0":{"start":{"line":1,"column":0},"end":{"line":1,"column":74}},"1":{"start":{"line":6,"column":1},"end":{"line":6,"column":null}},"2":{"start":{"line":11,"column":1},"end":{"line":11,"column":null}},"3":{"start":{"line":16,"column":1},"end":{"line":16,"column":null}},"4":{"start":{"line":3,"column":0},"end":{"line":3,"column":13}}},"fnMap":{},"branchMap":{},"s":{"0":1,"1":1,"2":1,"3":1,"4":1},"f":{},"b":{}}
,"D:\\node\\express\\src\\users\\entities\\user.entity.ts": {"path":"D:\\node\\express\\src\\users\\entities\\user.entity.ts","statementMap":{"0":{"start":{"line":1,"column":0},"end":{"line":1,"column":41}},"1":{"start":{"line":7,"column":19},"end":{"line":7,"column":33}},"2":{"start":{"line":8,"column":19},"end":{"line":8,"column":32}},"3":{"start":{"line":11,"column":2},"end":{"line":12,"column":33}},"4":{"start":{"line":12,"column":3},"end":{"line":12,"column":33}},"5":{"start":{"line":16,"column":2},"end":{"line":16,"column":21}},"6":{"start":{"line":20,"column":2},"end":{"line":20,"column":20}},"7":{"start":{"line":24,"column":2},"end":{"line":24,"column":24}},"8":{"start":{"line":28,"column":2},"end":{"line":28,"column":45}},"9":{"start":{"line":32,"column":2},"end":{"line":32,"column":50}},"10":{"start":{"line":3,"column":0},"end":{"line":3,"column":13}}},"fnMap":{"0":{"name":"(anonymous_7)","decl":{"start":{"line":6,"column":1},"end":{"line":6,"column":null}},"loc":{"start":{"line":9,"column":23},"end":{"line":13,"column":2}}},"1":{"name":"(anonymous_8)","decl":{"start":{"line":15,"column":1},"end":{"line":15,"column":5}},"loc":{"start":{"line":15,"column":10},"end":{"line":17,"column":2}}},"2":{"name":"(anonymous_9)","decl":{"start":{"line":19,"column":1},"end":{"line":19,"column":5}},"loc":{"start":{"line":19,"column":9},"end":{"line":21,"column":2}}},"3":{"name":"(anonymous_10)","decl":{"start":{"line":23,"column":1},"end":{"line":23,"column":5}},"loc":{"start":{"line":23,"column":13},"end":{"line":25,"column":2}}},"4":{"name":"(anonymous_11)","decl":{"start":{"line":27,"column":14},"end":{"line":27,"column":29}},"loc":{"start":{"line":27,"column":42},"end":{"line":29,"column":null}}},"5":{"name":"(anonymous_13)","decl":{"start":{"line":31,"column":14},"end":{"line":31,"column":25}},"loc":{"start":{"line":31,"column":52},"end":{"line":33,"column":null}}}},"branchMap":{"0":{"loc":{"start":{"line":11,"column":2},"end":{"line":12,"column":33}},"type":"if","locations":[{"start":{"line":11,"column":2},"end":{"line":12,"column":33}}]}},"s":{"0":1,"1":2,"2":2,"3":2,"4":2,"5":0,"6":0,"7":0,"8":2,"9":0,"10":1},"f":{"0":2,"1":0,"2":0,"3":0,"4":2,"5":0},"b":{"0":[2]}}
,"D:\\node\\express\\src\\users\\repository\\users.repository.ts": {"path":"D:\\node\\express\\src\\users\\repository\\users.repository.ts","statementMap":{"0":{"start":{"line":1,"column":0},"end":{"line":1,"column":47}},"1":{"start":{"line":5,"column":0},"end":{"line":5,"column":36}},"2":{"start":{"line":6,"column":0},"end":{"line":6,"column":62}},"3":{"start":{"line":9,"column":0},"end":{"line":31,"column":null}},"4":{"start":{"line":10,"column":50},"end":{"line":10,"column":65}},"5":{"start":{"line":14,"column":2},"end":{"line":20,"column":5}},"6":{"start":{"line":25,"column":2},"end":{"line":29,"column":5}},"7":{"start":{"line":9,"column":13},"end":{"line":31,"column":null}},"8":{"start":{"line":9,"column":13},"end":{"line":9,"column":28}}},"fnMap":{"0":{"name":"(anonymous_11)","decl":{"start":{"line":10,"column":1},"end":{"line":10,"column":14}},"loc":{"start":{"line":10,"column":78},"end":{"line":11,"column":2}}},"1":{"name":"(anonymous_12)","decl":{"start":{"line":13,"column":7},"end":{"line":13,"column":13}},"loc":{"start":{"line":13,"column":45},"end":{"line":21,"column":null}}},"2":{"name":"(anonymous_14)","decl":{"start":{"line":24,"column":7},"end":{"line":24,"column":11}},"loc":{"start":{"line":24,"column":25},"end":{"line":30,"column":null}}}},"branchMap":{},"s":{"0":1,"1":1,"2":1,"3":1,"4":1,"5":0,"6":3,"7":1,"8":1},"f":{"0":1,"1":0,"2":3},"b":{}}
}
