TN:
SF:src\app.ts
FN:20,(anonymous_12)
FN:31,(anonymous_13)
FN:37,(anonymous_14)
FN:41,(anonymous_15)
FN:45,(anonymous_16)
FN:54,(anonymous_18)
FNF:6
FNH:6
FNDA:1,(anonymous_12)
FNDA:1,(anonymous_13)
FNDA:1,(anonymous_14)
FNDA:1,(anonymous_15)
FNDA:1,(anonymous_16)
FNDA:1,(anonymous_18)
DA:1,1
DA:3,1
DA:5,1
DA:6,1
DA:7,1
DA:8,1
DA:11,1
DA:12,1
DA:15,1
DA:21,1
DA:22,1
DA:23,1
DA:24,1
DA:25,1
DA:27,1
DA:28,1
DA:32,1
DA:33,1
DA:34,1
DA:38,1
DA:42,1
DA:46,1
DA:47,1
DA:48,1
DA:49,1
DA:50,1
DA:51,1
DA:55,1
LF:28
LH:28
BRF:0
BRH:0
end_of_record
TN:
SF:src\main.ts
FN:23,(anonymous_7)
FN:34,bootstrap
FNF:2
FNH:2
FNDA:1,(anonymous_7)
FNDA:1,bootstrap
DA:1,1
DA:2,1
DA:3,1
DA:4,1
DA:5,1
DA:7,1
DA:11,1
DA:13,1
DA:14,1
DA:16,1
DA:23,1
DA:24,1
DA:25,1
DA:26,1
DA:27,1
DA:28,1
DA:29,1
DA:30,1
DA:31,1
DA:35,1
DA:36,1
DA:37,1
DA:38,1
DA:39,1
DA:42,1
LF:25
LH:25
BRF:0
BRH:0
end_of_record
TN:
SF:src\types.ts
FNF:0
FNH:0
DA:1,1
LF:1
LH:1
BRF:0
BRH:0
end_of_record
TN:
SF:src\common\base.controller.ts
FN:11,(anonymous_2)
FN:15,(anonymous_3)
FN:19,(anonymous_4)
FN:24,(anonymous_5)
FN:28,(anonymous_6)
FN:32,(anonymous_7)
FN:36,(anonymous_8)
FN:44,(anonymous_9)
FNF:8
FNH:7
FNDA:1,(anonymous_2)
FNDA:4,(anonymous_3)
FNDA:3,(anonymous_4)
FNDA:3,(anonymous_5)
FNDA:0,(anonymous_6)
FNDA:3,(anonymous_7)
FNDA:1,(anonymous_8)
FNDA:3,(anonymous_9)
DA:1,1
DA:4,1
DA:5,1
DA:8,1
DA:11,1
DA:12,1
DA:16,4
DA:20,3
DA:21,3
DA:25,3
DA:29,0
DA:33,3
DA:37,1
DA:38,3
DA:44,3
DA:45,3
DA:46,3
DA:47,3
LF:18
LH:17
BRDA:44,0,0,0
BRDA:44,0,1,3
BRDA:44,1,0,3
BRDA:44,1,1,3
BRDA:46,2,0,3
BRDA:46,2,1,0
BRF:6
BRH:4
end_of_record
TN:
SF:src\config\config.service.ts
FN:11,(anonymous_4)
FN:23,(anonymous_5)
FNF:2
FNH:2
FNDA:1,(anonymous_4)
FNDA:3,(anonymous_5)
DA:1,1
DA:2,1
DA:4,1
DA:5,1
DA:9,1
DA:12,1
DA:14,1
DA:15,1
DA:16,0
DA:18,1
DA:19,1
DA:24,3
LF:12
LH:11
BRDA:15,0,0,0
BRDA:15,0,1,1
BRF:2
BRH:1
end_of_record
TN:
SF:src\database\prisma.service.ts
FN:10,(anonymous_11)
FN:14,(anonymous_12)
FN:24,(anonymous_14)
FNF:3
FNH:2
FNDA:1,(anonymous_11)
FNDA:1,(anonymous_12)
FNDA:0,(anonymous_14)
DA:1,1
DA:2,1
DA:3,1
DA:7,1
DA:10,1
DA:11,1
DA:15,1
DA:16,1
DA:17,1
DA:19,0
DA:20,0
DA:25,0
LF:12
LH:9
BRDA:19,0,0,0
BRF:1
BRH:0
end_of_record
TN:
SF:src\errors\exception.filter.ts
FN:11,(anonymous_4)
FN:15,(anonymous_5)
FNF:2
FNH:1
FNDA:1,(anonymous_4)
FNDA:0,(anonymous_5)
DA:3,1
DA:4,1
DA:6,1
DA:7,1
DA:10,1
DA:11,1
DA:12,1
DA:16,0
DA:17,0
DA:18,0
DA:20,0
DA:21,0
LF:12
LH:7
BRDA:16,0,0,0
BRDA:16,0,1,0
BRF:2
BRH:0
end_of_record
TN:
SF:src\errors\http-error.class.ts
FN:5,(anonymous_0)
FNF:1
FNH:0
FNDA:0,(anonymous_0)
DA:1,1
DA:6,0
DA:7,0
DA:8,0
DA:9,0
LF:5
LH:1
BRF:0
BRH:0
end_of_record
TN:
SF:src\guards\auth.guard.ts
FN:5,(anonymous_0)
FNF:1
FNH:1
FNDA:2,(anonymous_0)
DA:4,1
DA:6,2
DA:7,1
DA:9,1
LF:4
LH:4
BRDA:6,0,0,1
BRF:1
BRH:1
end_of_record
TN:
SF:src\logger\logger.service.ts
FN:10,(anonymous_2)
FN:19,(anonymous_3)
FN:23,(anonymous_4)
FN:28,(anonymous_5)
FNF:4
FNH:2
FNDA:1,(anonymous_2)
FNDA:7,(anonymous_3)
FNDA:0,(anonymous_4)
FNDA:0,(anonymous_5)
DA:1,1
DA:3,1
DA:4,1
DA:7,1
DA:11,1
DA:20,7
DA:25,0
DA:29,0
LF:8
LH:6
BRF:0
BRH:0
end_of_record
TN:
SF:src\middlewares\auth.middleware.ts
FN:6,(anonymous_0)
FN:9,(anonymous_1)
FN:12,(anonymous_2)
FNF:3
FNH:3
FNDA:1,(anonymous_0)
FNDA:7,(anonymous_1)
FNDA:2,(anonymous_2)
DA:3,1
DA:5,1
DA:6,1
DA:10,7
DA:11,2
DA:12,2
DA:13,2
DA:14,1
DA:15,1
DA:16,1
DA:17,1
DA:21,5
LF:12
LH:12
BRDA:10,0,0,2
BRDA:10,0,1,5
BRDA:13,1,0,1
BRDA:13,1,1,1
BRDA:15,2,0,1
BRF:5
BRH:5
end_of_record
TN:
SF:src\middlewares\validate.middleware.ts
FN:7,(anonymous_0)
FN:9,(anonymous_1)
FN:11,(anonymous_2)
FNF:3
FNH:3
FNDA:2,(anonymous_0)
FNDA:5,(anonymous_1)
FNDA:5,(anonymous_2)
DA:3,1
DA:4,1
DA:6,1
DA:7,2
DA:10,5
DA:11,5
DA:12,5
DA:13,3
DA:15,2
LF:9
LH:9
BRDA:12,0,0,3
BRDA:12,0,1,2
BRF:2
BRH:2
end_of_record
TN:
SF:src\users\users.controller.ts
FN:19,(anonymous_11)
FN:48,(anonymous_12)
FN:56,(anonymous_14)
FN:63,(anonymous_16)
FN:70,(anonymous_18)
FN:71,(anonymous_19)
FN:79,(anonymous_20)
FNF:7
FNH:6
FNDA:1,(anonymous_11)
FNDA:2,(anonymous_12)
FNDA:0,(anonymous_14)
FNDA:1,(anonymous_16)
FNDA:2,(anonymous_18)
FNDA:2,(anonymous_19)
FNDA:2,(anonymous_20)
DA:1,1
DA:3,1
DA:4,1
DA:6,1
DA:7,1
DA:9,1
DA:10,1
DA:12,1
DA:13,1
DA:15,1
DA:18,1
DA:19,1
DA:20,1
DA:21,1
DA:22,1
DA:23,1
DA:49,2
DA:50,2
DA:51,0
DA:52,2
DA:53,2
DA:57,0
DA:58,0
DA:59,0
DA:60,0
DA:64,1
DA:65,1
DA:66,0
DA:67,1
DA:71,2
DA:72,2
DA:80,2
DA:81,0
DA:82,2
LF:34
LH:27
BRDA:50,0,0,0
BRDA:58,1,0,0
BRDA:65,2,0,0
BRDA:80,3,0,0
BRF:4
BRH:0
end_of_record
TN:
SF:src\users\users.service.ts
FN:14,(anonymous_11)
FN:17,(anonymous_12)
FN:27,(anonymous_14)
FN:35,(anonymous_16)
FNF:4
FNH:3
FNDA:1,(anonymous_11)
FNDA:0,(anonymous_12)
FNDA:2,(anonymous_14)
FNDA:1,(anonymous_16)
DA:4,1
DA:5,1
DA:6,1
DA:7,1
DA:13,1
DA:14,1
DA:15,1
DA:18,0
DA:19,0
DA:20,0
DA:21,0
DA:22,0
DA:23,0
DA:24,0
DA:28,2
DA:29,2
DA:30,0
DA:31,2
DA:32,2
DA:36,1
LF:20
LH:12
BRDA:22,0,0,0
BRDA:29,1,0,0
BRF:2
BRH:0
end_of_record
TN:
SF:src\users\dto\user-login.dto.ts
FNF:0
FNH:0
DA:1,1
DA:3,1
DA:6,1
DA:11,1
LF:4
LH:4
BRF:0
BRH:0
end_of_record
TN:
SF:src\users\dto\user-register.dto.ts
FNF:0
FNH:0
DA:1,1
DA:3,1
DA:6,1
DA:11,1
DA:16,1
LF:5
LH:5
BRF:0
BRH:0
end_of_record
TN:
SF:src\users\entities\user.entity.ts
FN:6,(anonymous_7)
FN:15,(anonymous_8)
FN:19,(anonymous_9)
FN:23,(anonymous_10)
FN:27,(anonymous_11)
FN:31,(anonymous_13)
FNF:6
FNH:2
FNDA:2,(anonymous_7)
FNDA:0,(anonymous_8)
FNDA:0,(anonymous_9)
FNDA:0,(anonymous_10)
FNDA:2,(anonymous_11)
FNDA:0,(anonymous_13)
DA:1,1
DA:3,1
DA:7,2
DA:8,2
DA:11,2
DA:12,2
DA:16,0
DA:20,0
DA:24,0
DA:28,2
DA:32,0
LF:11
LH:7
BRDA:11,0,0,2
BRF:1
BRH:1
end_of_record
TN:
SF:src\users\repository\users.repository.ts
FN:10,(anonymous_11)
FN:13,(anonymous_12)
FN:24,(anonymous_14)
FNF:3
FNH:2
FNDA:1,(anonymous_11)
FNDA:0,(anonymous_12)
FNDA:3,(anonymous_14)
DA:1,1
DA:5,1
DA:6,1
DA:9,1
DA:10,1
DA:14,0
DA:25,3
LF:7
LH:6
BRF:0
BRH:0
end_of_record
